C51 COMPILER V9.54   AT24C02                                                               12/24/2024 09:52:38 PAGE 1   


C51 COMPILER V9.54, COMPILATION OF MODULE AT24C02
OBJECT MODULE PLACED IN .\Objects\AT24C02.obj
COMPILER INVOKED BY: D:\app\keil_51\C51\BIN\C51.EXE driver\SRC\AT24C02.c OPTIMIZE(8,SPEED) BROWSE INCDIR(.\driver\Includ
                    -e) DEBUG OBJECTEXTEND PRINT(.\Listings\AT24C02.lst) TABS(2) OBJECT(.\Objects\AT24C02.obj)

line level    source

   1          #include <REGX52.H>
   2          #include "I2C.h"
   3          
   4          #define AT24C02_ADDRESS 0xA0
   5          
   6          /**
   7           * @brief  AT24C02写入一个字节
   8           * @param  WordAddress 要写入字节的地址
   9           * @param  Data 要写入的数据
  10           * @retval 无
  11           */
  12          void AT24C02_WriteByte(unsigned char WordAddress, Data)
  13          {
  14   1          I2C_Start();
  15   1      
  16   1          I2C_SendByte(AT24C02_ADDRESS);
  17   1          I2C_ReceiveAck();
  18   1          // 发送高字节
  19   1          I2C_SendByte(0x00);
  20   1          I2C_ReceiveAck();
  21   1          // /f发送低字节
  22   1          I2C_SendByte(WordAddress);
  23   1          I2C_ReceiveAck();
  24   1          I2C_SendByte(Data);
  25   1          I2C_ReceiveAck();
  26   1          I2C_Stop();
  27   1      }
  28          
  29          /**
  30           * @brief  AT24C02读取一个字节
  31           * @param  WordAddress 要读出字节的地址
  32           * @retval 读出的数据
  33           */
  34          unsigned char AT24C02_ReadByte(unsigned char WordAddress)
  35          {
  36   1          unsigned char Data;
  37   1          I2C_Start();
  38   1          I2C_SendByte(AT24C02_ADDRESS);
  39   1          I2C_ReceiveAck();
  40   1          // 发送高字节
  41   1          I2C_SendByte(0x00);
  42   1          I2C_ReceiveAck();
  43   1          // /f发送低字节
  44   1          I2C_SendByte(WordAddress);
  45   1          I2C_ReceiveAck();
  46   1          I2C_Start();
  47   1          I2C_SendByte(AT24C02_ADDRESS | 0x01);
  48   1          I2C_ReceiveAck();
  49   1          Data = I2C_ReceiveByte();
  50   1          I2C_SendAck(1);
  51   1          I2C_Stop();
  52   1          return Data;
  53   1      }

C51 COMPILER V9.54   AT24C02                                                               12/24/2024 09:52:38 PAGE 2   


MODULE INFORMATION:   STATIC OVERLAYABLE
   CODE SIZE        =    100    ----
   CONSTANT SIZE    =   ----    ----
   XDATA SIZE       =   ----    ----
   PDATA SIZE       =   ----    ----
   DATA SIZE        =   ----       5
   IDATA SIZE       =   ----    ----
   BIT SIZE         =   ----    ----
END OF MODULE INFORMATION.


C51 COMPILATION COMPLETE.  0 WARNING(S),  0 ERROR(S)
