C51 COMPILER V9.54   UART                                                                  12/24/2024 13:46:35 PAGE 1   


C51 COMPILER V9.54, COMPILATION OF MODULE UART
OBJECT MODULE PLACED IN .\Objects\UART.obj
COMPILER INVOKED BY: D:\app\keil_51\C51\BIN\C51.EXE driver\SRC\UART.c OPTIMIZE(8,SPEED) BROWSE INCDIR(.\driver\Include) 
                    -DEBUG OBJECTEXTEND PRINT(.\Listings\UART.lst) TABS(2) OBJECT(.\Objects\UART.obj)

line level    source

   1          #include <REGX52.H>
   2          #include "UART.H"
   3          unsigned char Ri;
   4          unsigned char cnt;
   5          unsigned char StrBUFF[20];
   6          void UART_Init(void)    //4800bps@12.000MHz
   7          {
   8   1        Timer0Init();
   9   1        PCON |= 0x80;   //使能波特率倍速位SMOD
  10   1        SCON = 0x50;    //8位数据,可变波特率
  11   1        TMOD &= 0x0F;   //设置定时器模式
  12   1        TMOD |= 0x20;   //设置定时器模式
  13   1        TL1 = 0xF3;   //设置定时初始值
  14   1        TH1 = 0xF3;   //设置定时重载值
  15   1        ET1 = 0;    //禁止定时器%d中断
  16   1        TR1 = 1;    //定时器1开始计时
  17   1        EA=1;       //启动所有中断
  18   1        ES=1;       //启动串口中断
  19   1      }
  20          void Timer0Init(void)   //250微秒@12.000MHz
  21          {
  22   1        TMOD &= 0xF0;   //设置定时器模式
  23   1        TMOD |= 0x02;   //设置定时器模式
  24   1        TL0 = 0x06;   //设置定时初始值
  25   1        TH0 = 0x06;   //设置定时重载值
  26   1        TF0 = 0;    //清除TF0标志
  27   1        //TR0 = 1;    //定时器0开始计时
  28   1        TR0=0;
  29   1        ET0=1;
  30   1      }
  31          
  32          void UART_SendByte(unsigned char Byte)
  33          {
  34   1        SBUF=Byte;
  35   1        while(TI==0);
  36   1        TI=0;
  37   1      }
  38          void UART_SendString(unsigned char * str)
  39          {
  40   1        unsigned char Si=0;
  41   1        while(str[Si] != '\0')
  42   1        {
  43   2          UART_SendByte(str[Si]);
  44   2          Si++;
  45   2        }
  46   1      }
  47          unsigned char* UART_GetString(void)
  48          {
  49   1        return StrBUFF;
  50   1      }
  51          void Timer0_Routine() interrupt 1
  52          {
  53   1        cnt++;
  54   1        if(cnt >= 100)
C51 COMPILER V9.54   UART                                                                  12/24/2024 13:46:35 PAGE 2   

  55   1        {
  56   2          cnt = 0;
  57   2          TR0 = 0;//定时器停止计时
  58   2          StrBUFF[Ri] = '\0';
  59   2          Ri = 0;
  60   2        }
  61   1      }
  62          
  63          void UART_Routine() interrupt 4
  64          {
  65   1        if(RI==1)
  66   1        {
  67   2          RI=0;
  68   2          cnt = 0;    //重置定时器
  69   2          TL0 = 0x06;   
  70   2          TH0 = 0x06; 
  71   2          TR0 = 1;  //定时器0开始计时
  72   2          StrBUFF[Ri++]=SBUF; 
  73   2        }
  74   1      }


MODULE INFORMATION:   STATIC OVERLAYABLE
   CODE SIZE        =    182    ----
   CONSTANT SIZE    =   ----    ----
   XDATA SIZE       =   ----    ----
   PDATA SIZE       =   ----    ----
   DATA SIZE        =     22       3
   IDATA SIZE       =   ----    ----
   BIT SIZE         =   ----    ----
END OF MODULE INFORMATION.


C51 COMPILATION COMPLETE.  0 WARNING(S),  0 ERROR(S)
